<?xml version="1.0" encoding="UTF-8"?>
<!-- Generated by org.testng.reporters.JUnitXMLReporter -->
<testsuite ignored="0" hostname="LTTECH1693" failures="0" tests="8" name="suite" time="15.309" errors="0" timestamp="2022-01-25T22:13:23 EAT">
  <testcase classname="stepDefinitions.LoadHomePage" name="LoadBaseUrl" time="12.743"/>
  <testcase classname="stepDefinitions.AddtoCart" name="reduceitemsOnCartToZero" time="0.194"/>
  <testcase classname="stepDefinitions.AddtoCart" name="AddItemsToCartViaClick" time="0.138"/>
  <testcase classname="stepDefinitions.AddtoCart" name="AddItemsToCartviaInput" time="0.2"/>
  <testcase classname="stepDefinitions.AddtoCart" name="clickAddToCart" time="0.364"/>
  <testcase classname="stepDefinitions.Checkout" name="proceedtoCheckOutPage" time="0.83"/>
  <testcase classname="stepDefinitions.Checkout" name="placeOrder" time="0.12"/>
  <testcase classname="stepDefinitions.Checkout" name="acceptTermsAndConditions" time="0.644"/>
</testsuite> <!-- suite -->
