<?xml version="1.0" encoding="UTF-8"?>
<!-- Generated by org.testng.reporters.JUnitXMLReporter -->
<testsuite ignored="0" hostname="LTTECH1693" failures="0" tests="9" name="suite" time="39.019" errors="0" timestamp="2022-01-26T22:01:58 EAT">
  <testcase classname="stepDefinitions.LoadHomePage" name="LoadBaseUrl" time="34.114"/>
  <testcase classname="stepDefinitions.AddtoCart" name="reduceitemsOnCartToZero" time="0.28"/>
  <testcase classname="stepDefinitions.AddtoCart" name="AddItemsToCartViaClick" time="0.168"/>
  <testcase classname="stepDefinitions.AddtoCart" name="AddItemsToCartviaInput" time="0.221"/>
  <testcase classname="stepDefinitions.AddtoCart" name="clickAddToCart" time="0.546"/>
  <testcase classname="stepDefinitions.Checkout" name="proceedtoCheckOutPage" time="1.022"/>
  <testcase classname="stepDefinitions.Checkout" name="placeOrder" time="0.2"/>
  <testcase classname="stepDefinitions.Checkout" name="acceptTermsAndConditionsNegative" time="1.546"/>
  <testcase classname="stepDefinitions.Checkout" name="acceptTermsAndConditionsPositive" time="0.788"/>
</testsuite> <!-- suite -->
