<?xml version="1.0" encoding="UTF-8"?>
<testng-results ignored="0" total="8" passed="8" failed="0" skipped="0">
  <reporter-output>
  </reporter-output>
  <suite started-at="2022-01-25T22:13:07 EAT" name="Suite" finished-at="2022-01-25T22:13:23 EAT" duration-ms="15309">
    <groups>
    </groups>
    <test started-at="2022-01-25T22:13:07 EAT" name="suite" finished-at="2022-01-25T22:13:23 EAT" duration-ms="15309">
      <class name="stepDefinitions.Checkout">
        <test-method signature="proceedtoCheckOutPage()[pri:0, instance:stepDefinitions.Checkout@1849db1a]" started-at="2022-01-25T22:13:21 EAT" name="proceedtoCheckOutPage" finished-at="2022-01-25T22:13:22 EAT" duration-ms="830" status="PASS">
          <reporter-output>
          </reporter-output>
        </test-method> <!-- proceedtoCheckOutPage -->
        <test-method signature="placeOrder()[pri:1, instance:stepDefinitions.Checkout@1849db1a]" started-at="2022-01-25T22:13:22 EAT" name="placeOrder" finished-at="2022-01-25T22:13:22 EAT" duration-ms="120" status="PASS">
          <reporter-output>
          </reporter-output>
        </test-method> <!-- placeOrder -->
        <test-method signature="acceptTermsAndConditions()[pri:2, instance:stepDefinitions.Checkout@1849db1a]" started-at="2022-01-25T22:13:22 EAT" name="acceptTermsAndConditions" finished-at="2022-01-25T22:13:23 EAT" duration-ms="644" status="PASS">
          <reporter-output>
          </reporter-output>
        </test-method> <!-- acceptTermsAndConditions -->
      </class> <!-- stepDefinitions.Checkout -->
      <class name="stepDefinitions.LoadHomePage">
        <test-method signature="LoadBaseUrl()[pri:0, instance:stepDefinitions.LoadHomePage@5ac86ba5]" started-at="2022-01-25T22:13:07 EAT" name="LoadBaseUrl" finished-at="2022-01-25T22:13:20 EAT" duration-ms="12743" status="PASS">
          <reporter-output>
          </reporter-output>
        </test-method> <!-- LoadBaseUrl -->
      </class> <!-- stepDefinitions.LoadHomePage -->
      <class name="stepDefinitions.AddtoCart">
        <test-method signature="reduceitemsOnCartToZero()[pri:0, instance:stepDefinitions.AddtoCart@3e2822]" started-at="2022-01-25T22:13:20 EAT" name="reduceitemsOnCartToZero" finished-at="2022-01-25T22:13:20 EAT" duration-ms="194" status="PASS">
          <reporter-output>
          </reporter-output>
        </test-method> <!-- reduceitemsOnCartToZero -->
        <test-method signature="AddItemsToCartViaClick()[pri:1, instance:stepDefinitions.AddtoCart@3e2822]" started-at="2022-01-25T22:13:20 EAT" name="AddItemsToCartViaClick" finished-at="2022-01-25T22:13:21 EAT" duration-ms="138" status="PASS">
          <reporter-output>
          </reporter-output>
        </test-method> <!-- AddItemsToCartViaClick -->
        <test-method signature="AddItemsToCartviaInput()[pri:2, instance:stepDefinitions.AddtoCart@3e2822]" started-at="2022-01-25T22:13:21 EAT" name="AddItemsToCartviaInput" finished-at="2022-01-25T22:13:21 EAT" duration-ms="200" status="PASS">
          <reporter-output>
          </reporter-output>
        </test-method> <!-- AddItemsToCartviaInput -->
        <test-method signature="clickAddToCart()[pri:3, instance:stepDefinitions.AddtoCart@3e2822]" started-at="2022-01-25T22:13:21 EAT" name="clickAddToCart" finished-at="2022-01-25T22:13:21 EAT" duration-ms="364" status="PASS">
          <reporter-output>
          </reporter-output>
        </test-method> <!-- clickAddToCart -->
      </class> <!-- stepDefinitions.AddtoCart -->
    </test> <!-- suite -->
  </suite> <!-- Suite -->
</testng-results>
